Sat Apr 16 15:26:53 CDT 2016 : Apache Derby Network Server - 10.10.2.0 - (1582446) started and ready to accept connections on port 1527
----------------------------------------------------------------
Sat Apr 16 15:26:53 CDT 2016:
Booting Derby version The Apache Software Foundation - Apache Derby - 10.10.2.0 - (1582446): instance a816c00e-0154-20c1-306f-ffffc757bb6d 
on database directory /Users/timothy/Google Drive/Spring 2016/CS 321/Projects/321-project/321-project/HotelManagement/Databases/OSX/hotel with class loader sun.misc.Launcher$AppClassLoader@27c170f0 
Loaded from file:/Applications/NetBeans/glassfish-4.1.1/javadb/lib/derby.jar
java.vendor=Oracle Corporation
java.runtime.version=1.8.0_65-b17
user.dir=/Applications/NetBeans/glassfish-4.1.1/javadb
os.name=Mac OS X
os.arch=x86_64
os.version=10.11.4
derby.system.home=/Users/timothy/Google Drive/Spring 2016/CS 321/Projects/321-project/321-project/HotelManagement/Databases/OSX
Database Class Loader started - derby.database.classpath=''
----------------------------------------------------------------
Sat Apr 16 15:26:56 CDT 2016:
Shutting down instance a816c00e-0154-20c1-306f-ffffc757bb6d on database directory /Users/timothy/Google Drive/Spring 2016/CS 321/Projects/321-project/321-project/HotelManagement/Databases/OSX/hotel with class loader sun.misc.Launcher$AppClassLoader@27c170f0 
Sat Apr 16 15:26:56 CDT 2016 Thread[DRDAConnThread_3,5,main] (DATABASE = hotel), (DRDAID = {2}), Database 'hotel' shutdown.
----------------------------------------------------------------
Sat Apr 16 15:26:58 CDT 2016:
Booting Derby version The Apache Software Foundation - Apache Derby - 10.10.2.0 - (1582446): instance 560740aa-0154-20c1-306f-ffffc757bb6d 
on database directory /Users/timothy/Google Drive/Spring 2016/CS 321/Projects/321-project/321-project/HotelManagement/Databases/OSX/hotel with class loader sun.misc.Launcher$AppClassLoader@27c170f0 
Loaded from file:/Applications/NetBeans/glassfish-4.1.1/javadb/lib/derby.jar
java.vendor=Oracle Corporation
java.runtime.version=1.8.0_65-b17
user.dir=/Applications/NetBeans/glassfish-4.1.1/javadb
os.name=Mac OS X
os.arch=x86_64
os.version=10.11.4
derby.system.home=/Users/timothy/Google Drive/Spring 2016/CS 321/Projects/321-project/321-project/HotelManagement/Databases/OSX
Database Class Loader started - derby.database.classpath=''
